[0520/182653.118:ERROR:process_reader_win.cc(151)] SuspendThread: Access is denied. (0x5)
[0520/182654.802:ERROR:exception_snapshot_win.cc(98)] thread ID 11216 not found in process
[0520/182654.803:ERROR:scoped_process_suspend.cc(40)] NtResumeProcess: An attempt was made to access an exiting process. (0xc000010a)
[0520/184827.632:ERROR:process_memory_win.cc(73)] ReadMemory at 0x7ff7467b0000 of 64 bytes failed: Only part of a ReadProcessMemory or WriteProcessMemory request was completed. (0x12B)
[0520/184827.632:WARNING:pe_image_reader.cc(340)] could not read dos header from C:\Program Files (x86)\Google\Chrome\Application\chrome.exe
[0520/184827.632:ERROR:process_memory_win.cc(73)] ReadMemory at 0x7ff8c13e0000 of 64 bytes failed: Only part of a ReadProcessMemory or WriteProcessMemory request was completed. (0x12B)
[0520/184827.633:WARNING:pe_image_reader.cc(340)] could not read dos header from C:\WINDOWS\SYSTEM32\ntdll.dll
[0520/184827.633:ERROR:process_memory_win.cc(73)] ReadMemory at 0x7ff8c0ca0000 of 64 bytes failed: Only part of a ReadProcessMemory or WriteProcessMemory request was completed. (0x12B)
[0520/184827.633:WARNING:pe_image_reader.cc(340)] could not read dos header from C:\WINDOWS\System32\KERNEL32.DLL
[0520/184827.633:ERROR:process_memory_win.cc(73)] ReadMemory at 0x7ff8be4f0000 of 64 bytes failed: Only part of a ReadProcessMemory or WriteProcessMemory request was completed. (0x12B)
[0520/184827.633:WARNING:pe_image_reader.cc(340)] could not read dos header from C:\WINDOWS\System32\KERNELBASE.dll
[0520/184827.633:ERROR:process_memory_win.cc(73)] ReadMemory at 0x7ff8bba40000 of 64 bytes failed: Only part of a ReadProcessMemory or WriteProcessMemory request was completed. (0x12B)
[0520/184827.633:WARNING:pe_image_reader.cc(340)] could not read dos header from C:\WINDOWS\SYSTEM32\apphelp.dll
[0520/184827.633:ERROR:process_memory_win.cc(73)] ReadMemory at 0x7ff8b5ee0000 of 64 bytes failed: Only part of a ReadProcessMemory or WriteProcessMemory request was completed. (0x12B)
[0520/184827.633:WARNING:pe_image_reader.cc(340)] could not read dos header from C:\Program Files (x86)\Google\Chrome\Application\83.0.4103.61\chrome_elf.dll
[0520/184827.633:ERROR:process_memory_win.cc(73)] ReadMemory at 0x7ff8b95b0000 of 64 bytes failed: Only part of a ReadProcessMemory or WriteProcessMemory request was completed. (0x12B)
[0520/184827.633:WARNING:pe_image_reader.cc(340)] could not read dos header from C:\WINDOWS\SYSTEM32\VERSION.dll
[0520/184827.633:ERROR:process_memory_win.cc(73)] ReadMemory at 0x7ff8c06b0000 of 64 bytes failed: Only part of a ReadProcessMemory or WriteProcessMemory request was completed. (0x12B)
[0520/184827.633:WARNING:pe_image_reader.cc(340)] could not read dos header from C:\WINDOWS\System32\msvcrt.dll
[0520/184827.633:ERROR:process_memory_win.cc(73)] ReadMemory at 0x7ff8be9f0000 of 64 bytes failed: Only part of a ReadProcessMemory or WriteProcessMemory request was completed. (0x12B)
[0520/184827.633:WARNING:pe_image_reader.cc(340)] could not read dos header from C:\WINDOWS\System32\bcryptPrimitives.dll
[0520/184827.634:ERROR:process_memory_win.cc(73)] ReadMemory at 0x7ff8c0a30000 of 64 bytes failed: Only part of a ReadProcessMemory or WriteProcessMemory request was completed. (0x12B)
[0520/184827.634:WARNING:pe_image_reader.cc(340)] could not read dos header from C:\WINDOWS\System32\ADVAPI32.dll
[0520/184827.634:ERROR:process_memory_win.cc(73)] ReadMemory at 0x7ff8bfec0000 of 64 bytes failed: Only part of a ReadProcessMemory or WriteProcessMemory request was completed. (0x12B)
[0520/184827.634:WARNING:pe_image_reader.cc(340)] could not read dos header from C:\WINDOWS\System32\sechost.dll
[0520/184827.634:ERROR:process_memory_win.cc(73)] ReadMemory at 0x7ff8c0ef0000 of 64 bytes failed: Only part of a ReadProcessMemory or WriteProcessMemory request was completed. (0x12B)
[0520/184827.634:WARNING:pe_image_reader.cc(340)] could not read dos header from C:\WINDOWS\System32\RPCRT4.dll
[0520/184827.634:ERROR:process_memory_win.cc(73)] ReadMemory at 0x7ff82e300000 of 64 bytes failed: Only part of a ReadProcessMemory or WriteProcessMemory request was completed. (0x12B)
[0520/184827.634:WARNING:pe_image_reader.cc(340)] could not read dos header from C:\Program Files (x86)\Google\Chrome\Application\83.0.4103.61\chrome.dll
[0520/184827.634:ERROR:process_memory_win.cc(73)] ReadMemory at 0x7ff8c0850000 of 64 bytes failed: Only part of a ReadProcessMemory or WriteProcessMemory request was completed. (0x12B)
[0520/184827.634:WARNING:pe_image_reader.cc(340)] could not read dos header from C:\WINDOWS\System32\WS2_32.dll
[0520/184827.634:ERROR:process_memory_win.cc(73)] ReadMemory at 0x7ff8c0750000 of 64 bytes failed: Only part of a ReadProcessMemory or WriteProcessMemory request was completed. (0x12B)
[0520/184827.634:WARNING:pe_image_reader.cc(340)] could not read dos header from C:\WINDOWS\System32\OLEAUT32.dll
[0520/184827.634:ERROR:process_memory_win.cc(73)] ReadMemory at 0x7ff8bf390000 of 64 bytes failed: Only part of a ReadProcessMemory or WriteProcessMemory request was completed. (0x12B)
[0520/184827.634:WARNING:pe_image_reader.cc(340)] could not read dos header from C:\WINDOWS\System32\msvcp_win.dll
[0520/184827.634:ERROR:process_memory_win.cc(73)] ReadMemory at 0x7ff8bea70000 of 64 bytes failed: Only part of a ReadProcessMemory or WriteProcessMemory request was completed. (0x12B)
[0520/184827.634:WARNING:pe_image_reader.cc(340)] could not read dos header from C:\WINDOWS\System32\ucrtbase.dll
[0520/184827.634:ERROR:process_memory_win.cc(73)] ReadMemory at 0x7ff8bfb80000 of 64 bytes failed: Only part of a ReadProcessMemory or WriteProcessMemory request was completed. (0x12B)
[0520/184827.634:WARNING:pe_image_reader.cc(340)] could not read dos header from C:\WINDOWS\System32\combase.dll
[0520/184827.634:ERROR:process_memory_win.cc(73)] ReadMemory at 0x7ff8bf430000 of 64 bytes failed: Only part of a ReadProcessMemory or WriteProcessMemory request was completed. (0x12B)
[0520/184827.634:WARNING:pe_image_reader.cc(340)] could not read dos header from C:\WINDOWS\System32\WINTRUST.dll
[0520/184827.634:ERROR:process_memory_win.cc(73)] ReadMemory at 0x7ff8be2d0000 of 64 bytes failed: Only part of a ReadProcessMemory or WriteProcessMemory request was completed. (0x12B)
[0520/184827.634:WARNING:pe_image_reader.cc(340)] could not read dos header from C:\WINDOWS\System32\MSASN1.dll
[0520/184827.634:ERROR:process_memory_win.cc(73)] ReadMemory at 0x7ff8be3a0000 of 64 bytes failed: Only part of a ReadProcessMemory or WriteProcessMemory request was completed. (0x12B)
[0520/184827.634:WARNING:pe_image_reader.cc(340)] could not read dos header from C:\WINDOWS\System32\CRYPT32.dll
[0520/184827.634:ERROR:process_memory_win.cc(73)] ReadMemory at 0x7ff8bd820000 of 64 bytes failed: Only part of a ReadProcessMemory or WriteProcessMemory request was completed. (0x12B)
[0520/184827.634:WARNING:pe_image_reader.cc(340)] could not read dos header from C:\WINDOWS\SYSTEM32\IPHLPAPI.DLL
[0520/184827.634:ERROR:process_memory_win.cc(73)] ReadMemory at 0x7ff8ab580000 of 64 bytes failed: Only part of a ReadProcessMemory or WriteProcessMemory request was completed. (0x12B)
[0520/184827.634:WARNING:pe_image_reader.cc(340)] could not read dos header from C:\WINDOWS\SYSTEM32\WINMM.dll
[0520/184827.634:ERROR:process_memory_win.cc(73)] ReadMemory at 0x7ff8a2180000 of 64 bytes failed: Only part of a ReadProcessMemory or WriteProcessMemory request was completed. (0x12B)
[0520/184827.634:WARNING:pe_image_reader.cc(340)] could not read dos header from C:\WINDOWS\SYSTEM32\Secur32.dll
[0520/184827.634:ERROR:process_memory_win.cc(73)] ReadMemory at 0x7ff8be1c0000 of 64 bytes failed: Only part of a ReadProcessMemory or WriteProcessMemory request was completed. (0x12B)
[0520/184827.634:WARNING:pe_image_reader.cc(340)] could not read dos header from C:\WINDOWS\SYSTEM32\USERENV.dll
[0520/184827.634:ERROR:process_memory_win.cc(73)] ReadMemory at 0x7ff8be2f0000 of 64 bytes failed: Only part of a ReadProcessMemory or WriteProcessMemory request was completed. (0x12B)
[0520/184827.634:WARNING:pe_image_reader.cc(340)] could not read dos header from C:\WINDOWS\System32\profapi.dll
[0520/184827.634:ERROR:process_memory_win.cc(73)] ReadMemory at 0x7ff890dd0000 of 64 bytes failed: Only part of a ReadProcessMemory or WriteProcessMemory request was completed. (0x12B)
[0520/184827.635:WARNING:pe_image_reader.cc(340)] could not read dos header from C:\WINDOWS\SYSTEM32\UIAutomationCore.DLL
[0520/184827.635:ERROR:process_memory_win.cc(73)] ReadMemory at 0x7ff898480000 of 64 bytes failed: Only part of a ReadProcessMemory or WriteProcessMemory request was completed. (0x12B)
[0520/184827.635:WARNING:pe_image_reader.cc(340)] could not read dos header from C:\WINDOWS\SYSTEM32\DWrite.dll
[0520/184827.635:ERROR:process_memory_win.cc(73)] ReadMemory at 0x7ff89fb30000 of 64 bytes failed: Only part of a ReadProcessMemory or WriteProcessMemory request was completed. (0x12B)
[0520/184827.635:WARNING:pe_image_reader.cc(340)] could not read dos header from C:\WINDOWS\SYSTEM32\WINSPOOL.DRV
[0520/184827.635:ERROR:process_memory_win.cc(73)] ReadMemory at 0x7ff8be2b0000 of 64 bytes failed: Only part of a ReadProcessMemory or WriteProcessMemory request was completed. (0x12B)
[0520/184827.635:WARNING:pe_image_reader.cc(340)] could not read dos header from C:\WINDOWS\System32\kernel.appcore.dll
[0520/184827.635:ERROR:process_memory_win.cc(73)] ReadMemory at 0x7ff8be370000 of 64 bytes failed: Only part of a ReadProcessMemory or WriteProcessMemory request was completed. (0x12B)
[0520/184827.635:WARNING:pe_image_reader.cc(340)] could not read dos header from C:\WINDOWS\System32\bcrypt.dll
[0520/184827.635:ERROR:process_memory_win.cc(73)] ReadMemory at 0x7ff8bcbd0000 of 64 bytes failed: Only part of a ReadProcessMemory or WriteProcessMemory request was completed. (0x12B)
[0520/184827.635:WARNING:pe_image_reader.cc(340)] could not read dos header from C:\WINDOWS\SYSTEM32\dbghelp.dll
[0520/184827.635:ERROR:process_memory_win.cc(73)] ReadMemory at 0x7ff8ba270000 of 64 bytes failed: Only part of a ReadProcessMemory or WriteProcessMemory request was completed. (0x12B)
[0520/184827.635:WARNING:pe_image_reader.cc(340)] could not read dos header from C:\WINDOWS\SYSTEM32\WINHTTP.dll
[0520/184827.635:ERROR:process_memory_win.cc(73)] ReadMemory at 0x7ff8b3890000 of 64 bytes failed: Only part of a ReadProcessMemory or WriteProcessMemory request was completed. (0x12B)
[0520/184827.635:WARNING:pe_image_reader.cc(340)] could not read dos header from C:\WINDOWS\SYSTEM32\dhcpcsvc.DLL
[0520/184827.635:ERROR:process_memory_win.cc(73)] ReadMemory at 0x7ff8c0a20000 of 64 bytes failed: Only part of a ReadProcessMemory or WriteProcessMemory request was completed. (0x12B)
[0520/184827.635:WARNING:pe_image_reader.cc(340)] could not read dos header from C:\WINDOWS\System32\NSI.dll
[0520/184827.635:ERROR:process_memory_win.cc(73)] ReadMemory at 0x7ff8ae840000 of 64 bytes failed: Only part of a ReadProcessMemory or WriteProcessMemory request was completed. (0x12B)
[0520/184827.635:WARNING:pe_image_reader.cc(340)] could not read dos header from C:\WINDOWS\SYSTEM32\WINMMBASE.dll
[0520/184827.635:ERROR:process_memory_win.cc(73)] ReadMemory at 0x7ff8bf320000 of 64 bytes failed: Only part of a ReadProcessMemory or WriteProcessMemory request was completed. (0x12B)
[0520/184827.635:WARNING:pe_image_reader.cc(340)] could not read dos header from C:\WINDOWS\System32\cfgmgr32.dll
[0520/184827.635:ERROR:process_memory_win.cc(73)] ReadMemory at 0x7ff8bbc00000 of 64 bytes failed: Only part of a ReadProcessMemory or WriteProcessMemory request was completed. (0x12B)
[0520/184827.635:WARNING:pe_image_reader.cc(340)] could not read dos header from C:\WINDOWS\SYSTEM32\PROPSYS.dll
[0520/184827.635:ERROR:process_memory_win.cc(73)] ReadMemory at 0x7ff8c0970000 of 64 bytes failed: Only part of a ReadProcessMemory or WriteProcessMemory request was completed. (0x12B)
[0520/184827.635:WARNING:pe_image_reader.cc(340)] could not read dos header from C:\WINDOWS\System32\shcore.dll
[0520/184827.635:ERROR:process_memory_win.cc(73)] ReadMemory at 0x7ff8be190000 of 64 bytes failed: Only part of a ReadProcessMemory or WriteProcessMemory request was completed. (0x12B)
[0520/184827.635:WARNING:pe_image_reader.cc(340)] could not read dos header from C:\WINDOWS\SYSTEM32\SSPICLI.DLL
[0520/184827.635:ERROR:process_memory_win.cc(73)] ReadMemory at 0x7ff8bdce0000 of 64 bytes failed: Only part of a ReadProcessMemory or WriteProcessMemory request was completed. (0x12B)
[0520/184827.635:WARNING:pe_image_reader.cc(340)] could not read dos header from C:\WINDOWS\SYSTEM32\CRYPTBASE.DLL
[0520/184827.640:ERROR:process_memory_win.cc(73)] ReadMemory at 0x7ff7467b0000 of 64 bytes failed: Only part of a ReadProcessMemory or WriteProcessMemory request was completed. (0x12B)
[0520/184827.641:WARNING:pe_image_reader.cc(340)] could not read dos header from C:\Program Files (x86)\Google\Chrome\Application\chrome.exe
[0520/184827.641:ERROR:process_memory_win.cc(73)] ReadMemory at 0x7ff8c13e0000 of 64 bytes failed: Only part of a ReadProcessMemory or WriteProcessMemory request was completed. (0x12B)
[0520/184827.641:WARNING:pe_image_reader.cc(340)] could not read dos header from C:\WINDOWS\SYSTEM32\ntdll.dll
[0520/184827.641:ERROR:process_memory_win.cc(73)] ReadMemory at 0x7ff8c0ca0000 of 64 bytes failed: Only part of a ReadProcessMemory or WriteProcessMemory request was completed. (0x12B)
[0520/184827.641:WARNING:pe_image_reader.cc(340)] could not read dos header from C:\WINDOWS\System32\KERNEL32.DLL
[0520/184827.641:ERROR:process_memory_win.cc(73)] ReadMemory at 0x7ff8be4f0000 of 64 bytes failed: Only part of a ReadProcessMemory or WriteProcessMemory request was completed. (0x12B)
[0520/184827.641:WARNING:pe_image_reader.cc(340)] could not read dos header from C:\WINDOWS\System32\KERNELBASE.dll
[0520/184827.641:ERROR:process_memory_win.cc(73)] ReadMemory at 0x7ff8bba40000 of 64 bytes failed: Only part of a ReadProcessMemory or WriteProcessMemory request was completed. (0x12B)
[0520/184827.641:WARNING:pe_image_reader.cc(340)] could not read dos header from C:\WINDOWS\SYSTEM32\apphelp.dll
[0520/184827.641:ERROR:process_memory_win.cc(73)] ReadMemory at 0x7ff8b5ee0000 of 64 bytes failed: Only part of a ReadProcessMemory or WriteProcessMemory request was completed. (0x12B)
[0520/184827.641:WARNING:pe_image_reader.cc(340)] could not read dos header from C:\Program Files (x86)\Google\Chrome\Application\83.0.4103.61\chrome_elf.dll
[0520/184827.641:ERROR:process_memory_win.cc(73)] ReadMemory at 0x7ff8b95b0000 of 64 bytes failed: Only part of a ReadProcessMemory or WriteProcessMemory request was completed. (0x12B)
[0520/184827.641:WARNING:pe_image_reader.cc(340)] could not read dos header from C:\WINDOWS\SYSTEM32\VERSION.dll
[0520/184827.641:ERROR:process_memory_win.cc(73)] ReadMemory at 0x7ff8c06b0000 of 64 bytes failed: Only part of a ReadProcessMemory or WriteProcessMemory request was completed. (0x12B)
[0520/184827.641:WARNING:pe_image_reader.cc(340)] could not read dos header from C:\WINDOWS\System32\msvcrt.dll
[0520/184827.641:ERROR:process_memory_win.cc(73)] ReadMemory at 0x7ff8be9f0000 of 64 bytes failed: Only part of a ReadProcessMemory or WriteProcessMemory request was completed. (0x12B)
[0520/184827.641:WARNING:pe_image_reader.cc(340)] could not read dos header from C:\WINDOWS\System32\bcryptPrimitives.dll
[0520/184827.641:ERROR:process_memory_win.cc(73)] ReadMemory at 0x7ff8c0a30000 of 64 bytes failed: Only part of a ReadProcessMemory or WriteProcessMemory request was completed. (0x12B)
[0520/184827.641:WARNING:pe_image_reader.cc(340)] could not read dos header from C:\WINDOWS\System32\ADVAPI32.dll
[0520/184827.641:ERROR:process_memory_win.cc(73)] ReadMemory at 0x7ff8bfec0000 of 64 bytes failed: Only part of a ReadProcessMemory or WriteProcessMemory request was completed. (0x12B)
[0520/184827.641:WARNING:pe_image_reader.cc(340)] could not read dos header from C:\WINDOWS\System32\sechost.dll
[0520/184827.641:ERROR:process_memory_win.cc(73)] ReadMemory at 0x7ff8c0ef0000 of 64 bytes failed: Only part of a ReadProcessMemory or WriteProcessMemory request was completed. (0x12B)
[0520/184827.641:WARNING:pe_image_reader.cc(340)] could not read dos header from C:\WINDOWS\System32\RPCRT4.dll
[0520/184827.641:ERROR:process_memory_win.cc(73)] ReadMemory at 0x7ff82e300000 of 64 bytes failed: Only part of a ReadProcessMemory or WriteProcessMemory request was completed. (0x12B)
[0520/184827.641:WARNING:pe_image_reader.cc(340)] could not read dos header from C:\Program Files (x86)\Google\Chrome\Application\83.0.4103.61\chrome.dll
[0520/184827.641:ERROR:process_memory_win.cc(73)] ReadMemory at 0x7ff8c0850000 of 64 bytes failed: Only part of a ReadProcessMemory or WriteProcessMemory request was completed. (0x12B)
[0520/184827.641:WARNING:pe_image_reader.cc(340)] could not read dos header from C:\WINDOWS\System32\WS2_32.dll
[0520/184827.641:ERROR:process_memory_win.cc(73)] ReadMemory at 0x7ff8c0750000 of 64 bytes failed: Only part of a ReadProcessMemory or WriteProcessMemory request was completed. (0x12B)
[0520/184827.641:WARNING:pe_image_reader.cc(340)] could not read dos header from C:\WINDOWS\System32\OLEAUT32.dll
[0520/184827.641:ERROR:process_memory_win.cc(73)] ReadMemory at 0x7ff8bf390000 of 64 bytes failed: Only part of a ReadProcessMemory or WriteProcessMemory request was completed. (0x12B)
[0520/184827.641:WARNING:pe_image_reader.cc(340)] could not read dos header from C:\WINDOWS\System32\msvcp_win.dll
[0520/184827.641:ERROR:process_memory_win.cc(73)] ReadMemory at 0x7ff8bea70000 of 64 bytes failed: Only part of a ReadProcessMemory or WriteProcessMemory request was completed. (0x12B)
[0520/184827.641:WARNING:pe_image_reader.cc(340)] could not read dos header from C:\WINDOWS\System32\ucrtbase.dll
[0520/184827.642:ERROR:process_memory_win.cc(73)] ReadMemory at 0x7ff8bfb80000 of 64 bytes failed: Only part of a ReadProcessMemory or WriteProcessMemory request was completed. (0x12B)
[0520/184827.642:WARNING:pe_image_reader.cc(340)] could not read dos header from C:\WINDOWS\System32\combase.dll
[0520/184827.642:ERROR:process_memory_win.cc(73)] ReadMemory at 0x7ff8bf430000 of 64 bytes failed: Only part of a ReadProcessMemory or WriteProcessMemory request was completed. (0x12B)
[0520/184827.642:WARNING:pe_image_reader.cc(340)] could not read dos header from C:\WINDOWS\System32\WINTRUST.dll
[0520/184827.642:ERROR:process_memory_win.cc(73)] ReadMemory at 0x7ff8be2d0000 of 64 bytes failed: Only part of a ReadProcessMemory or WriteProcessMemory request was completed. (0x12B)
[0520/184827.642:WARNING:pe_image_reader.cc(340)] could not read dos header from C:\WINDOWS\System32\MSASN1.dll
[0520/184827.642:ERROR:process_memory_win.cc(73)] ReadMemory at 0x7ff8be3a0000 of 64 bytes failed: Only part of a ReadProcessMemory or WriteProcessMemory request was completed. (0x12B)
[0520/184827.642:WARNING:pe_image_reader.cc(340)] could not read dos header from C:\WINDOWS\System32\CRYPT32.dll
[0520/184827.642:ERROR:process_memory_win.cc(73)] ReadMemory at 0x7ff8bd820000 of 64 bytes failed: Only part of a ReadProcessMemory or WriteProcessMemory request was completed. (0x12B)
[0520/184827.642:WARNING:pe_image_reader.cc(340)] could not read dos header from C:\WINDOWS\SYSTEM32\IPHLPAPI.DLL
[0520/184827.642:ERROR:process_memory_win.cc(73)] ReadMemory at 0x7ff8ab580000 of 64 bytes failed: Only part of a ReadProcessMemory or WriteProcessMemory request was completed. (0x12B)
[0520/184827.642:WARNING:pe_image_reader.cc(340)] could not read dos header from C:\WINDOWS\SYSTEM32\WINMM.dll
[0520/184827.642:ERROR:process_memory_win.cc(73)] ReadMemory at 0x7ff8a2180000 of 64 bytes failed: Only part of a ReadProcessMemory or WriteProcessMemory request was completed. (0x12B)
[0520/184827.642:WARNING:pe_image_reader.cc(340)] could not read dos header from C:\WINDOWS\SYSTEM32\Secur32.dll
[0520/184827.642:ERROR:process_memory_win.cc(73)] ReadMemory at 0x7ff8be1c0000 of 64 bytes failed: Only part of a ReadProcessMemory or WriteProcessMemory request was completed. (0x12B)
[0520/184827.642:WARNING:pe_image_reader.cc(340)] could not read dos header from C:\WINDOWS\SYSTEM32\USERENV.dll
[0520/184827.642:ERROR:process_memory_win.cc(73)] ReadMemory at 0x7ff8be2f0000 of 64 bytes failed: Only part of a ReadProcessMemory or WriteProcessMemory request was completed. (0x12B)
[0520/184827.642:WARNING:pe_image_reader.cc(340)] could not read dos header from C:\WINDOWS\System32\profapi.dll
[0520/184827.642:ERROR:process_memory_win.cc(73)] ReadMemory at 0x7ff890dd0000 of 64 bytes failed: Only part of a ReadProcessMemory or WriteProcessMemory request was completed. (0x12B)
[0520/184827.642:WARNING:pe_image_reader.cc(340)] could not read dos header from C:\WINDOWS\SYSTEM32\UIAutomationCore.DLL
[0520/184827.642:ERROR:process_memory_win.cc(73)] ReadMemory at 0x7ff898480000 of 64 bytes failed: Only part of a ReadProcessMemory or WriteProcessMemory request was completed. (0x12B)
[0520/184827.642:WARNING:pe_image_reader.cc(340)] could not read dos header from C:\WINDOWS\SYSTEM32\DWrite.dll
[0520/184827.642:ERROR:process_memory_win.cc(73)] ReadMemory at 0x7ff89fb30000 of 64 bytes failed: Only part of a ReadProcessMemory or WriteProcessMemory request was completed. (0x12B)
[0520/184827.642:WARNING:pe_image_reader.cc(340)] could not read dos header from C:\WINDOWS\SYSTEM32\WINSPOOL.DRV
[0520/184827.642:ERROR:process_memory_win.cc(73)] ReadMemory at 0x7ff8be2b0000 of 64 bytes failed: Only part of a ReadProcessMemory or WriteProcessMemory request was completed. (0x12B)
[0520/184827.642:WARNING:pe_image_reader.cc(340)] could not read dos header from C:\WINDOWS\System32\kernel.appcore.dll
[0520/184827.642:ERROR:process_memory_win.cc(73)] ReadMemory at 0x7ff8be370000 of 64 bytes failed: Only part of a ReadProcessMemory or WriteProcessMemory request was completed. (0x12B)
[0520/184827.642:WARNING:pe_image_reader.cc(340)] could not read dos header from C:\WINDOWS\System32\bcrypt.dll
[0520/184827.642:ERROR:process_memory_win.cc(73)] ReadMemory at 0x7ff8bcbd0000 of 64 bytes failed: Only part of a ReadProcessMemory or WriteProcessMemory request was completed. (0x12B)
[0520/184827.642:WARNING:pe_image_reader.cc(340)] could not read dos header from C:\WINDOWS\SYSTEM32\dbghelp.dll
[0520/184827.642:ERROR:process_memory_win.cc(73)] ReadMemory at 0x7ff8ba270000 of 64 bytes failed: Only part of a ReadProcessMemory or WriteProcessMemory request was completed. (0x12B)
[0520/184827.642:WARNING:pe_image_reader.cc(340)] could not read dos header from C:\WINDOWS\SYSTEM32\WINHTTP.dll
[0520/184827.642:ERROR:process_memory_win.cc(73)] ReadMemory at 0x7ff8b3890000 of 64 bytes failed: Only part of a ReadProcessMemory or WriteProcessMemory request was completed. (0x12B)
[0520/184827.642:WARNING:pe_image_reader.cc(340)] could not read dos header from C:\WINDOWS\SYSTEM32\dhcpcsvc.DLL
[0520/184827.642:ERROR:process_memory_win.cc(73)] ReadMemory at 0x7ff8c0a20000 of 64 bytes failed: Only part of a ReadProcessMemory or WriteProcessMemory request was completed. (0x12B)
[0520/184827.642:WARNING:pe_image_reader.cc(340)] could not read dos header from C:\WINDOWS\System32\NSI.dll
[0520/184827.642:ERROR:process_memory_win.cc(73)] ReadMemory at 0x7ff8ae840000 of 64 bytes failed: Only part of a ReadProcessMemory or WriteProcessMemory request was completed. (0x12B)
[0520/184827.642:WARNING:pe_image_reader.cc(340)] could not read dos header from C:\WINDOWS\SYSTEM32\WINMMBASE.dll
[0520/184827.642:ERROR:process_memory_win.cc(73)] ReadMemory at 0x7ff8bf320000 of 64 bytes failed: Only part of a ReadProcessMemory or WriteProcessMemory request was completed. (0x12B)
[0520/184827.642:WARNING:pe_image_reader.cc(340)] could not read dos header from C:\WINDOWS\System32\cfgmgr32.dll
[0520/184827.643:ERROR:process_memory_win.cc(73)] ReadMemory at 0x7ff8bbc00000 of 64 bytes failed: Only part of a ReadProcessMemory or WriteProcessMemory request was completed. (0x12B)
[0520/184827.643:WARNING:pe_image_reader.cc(340)] could not read dos header from C:\WINDOWS\SYSTEM32\PROPSYS.dll
[0520/184827.643:ERROR:process_memory_win.cc(73)] ReadMemory at 0x7ff8c0970000 of 64 bytes failed: Only part of a ReadProcessMemory or WriteProcessMemory request was completed. (0x12B)
[0520/184827.643:WARNING:pe_image_reader.cc(340)] could not read dos header from C:\WINDOWS\System32\shcore.dll
[0520/184827.643:ERROR:process_memory_win.cc(73)] ReadMemory at 0x7ff8be190000 of 64 bytes failed: Only part of a ReadProcessMemory or WriteProcessMemory request was completed. (0x12B)
[0520/184827.643:WARNING:pe_image_reader.cc(340)] could not read dos header from C:\WINDOWS\SYSTEM32\SSPICLI.DLL
[0520/184827.643:ERROR:process_memory_win.cc(73)] ReadMemory at 0x7ff8bdce0000 of 64 bytes failed: Only part of a ReadProcessMemory or WriteProcessMemory request was completed. (0x12B)
[0520/184827.643:WARNING:pe_image_reader.cc(340)] could not read dos header from C:\WINDOWS\SYSTEM32\CRYPTBASE.DLL
[0520/184827.643:ERROR:process_memory_win.cc(73)] ReadMemory at 0x7ff7467b0000 of 64 bytes failed: Only part of a ReadProcessMemory or WriteProcessMemory request was completed. (0x12B)
[0520/184827.643:WARNING:pe_image_reader.cc(340)] could not read dos header from C:\Program Files (x86)\Google\Chrome\Application\chrome.exe
[0520/184827.643:ERROR:process_memory_win.cc(73)] ReadMemory at 0x7ff8c13e0000 of 64 bytes failed: Only part of a ReadProcessMemory or WriteProcessMemory request was completed. (0x12B)
[0520/184827.643:WARNING:pe_image_reader.cc(340)] could not read dos header from C:\WINDOWS\SYSTEM32\ntdll.dll
[0520/184827.643:ERROR:process_memory_win.cc(73)] ReadMemory at 0x7ff8c0ca0000 of 64 bytes failed: Only part of a ReadProcessMemory or WriteProcessMemory request was completed. (0x12B)
[0520/184827.643:WARNING:pe_image_reader.cc(340)] could not read dos header from C:\WINDOWS\System32\KERNEL32.DLL
[0520/184827.643:ERROR:process_memory_win.cc(73)] ReadMemory at 0x7ff8be4f0000 of 64 bytes failed: Only part of a ReadProcessMemory or WriteProcessMemory request was completed. (0x12B)
[0520/184827.643:WARNING:pe_image_reader.cc(340)] could not read dos header from C:\WINDOWS\System32\KERNELBASE.dll
[0520/184827.643:ERROR:process_memory_win.cc(73)] ReadMemory at 0x7ff8bba40000 of 64 bytes failed: Only part of a ReadProcessMemory or WriteProcessMemory request was completed. (0x12B)
[0520/184827.643:WARNING:pe_image_reader.cc(340)] could not read dos header from C:\WINDOWS\SYSTEM32\apphelp.dll
[0520/184827.643:ERROR:process_memory_win.cc(73)] ReadMemory at 0x7ff8b5ee0000 of 64 bytes failed: Only part of a ReadProcessMemory or WriteProcessMemory request was completed. (0x12B)
[0520/184827.643:WARNING:pe_image_reader.cc(340)] could not read dos header from C:\Program Files (x86)\Google\Chrome\Application\83.0.4103.61\chrome_elf.dll
[0520/184827.643:ERROR:process_memory_win.cc(73)] ReadMemory at 0x7ff8b95b0000 of 64 bytes failed: Only part of a ReadProcessMemory or WriteProcessMemory request was completed. (0x12B)
[0520/184827.643:WARNING:pe_image_reader.cc(340)] could not read dos header from C:\WINDOWS\SYSTEM32\VERSION.dll
[0520/184827.643:ERROR:process_memory_win.cc(73)] ReadMemory at 0x7ff8c06b0000 of 64 bytes failed: Only part of a ReadProcessMemory or WriteProcessMemory request was completed. (0x12B)
[0520/184827.643:WARNING:pe_image_reader.cc(340)] could not read dos header from C:\WINDOWS\System32\msvcrt.dll
[0520/184827.643:ERROR:process_memory_win.cc(73)] ReadMemory at 0x7ff8be9f0000 of 64 bytes failed: Only part of a ReadProcessMemory or WriteProcessMemory request was completed. (0x12B)
[0520/184827.643:WARNING:pe_image_reader.cc(340)] could not read dos header from C:\WINDOWS\System32\bcryptPrimitives.dll
[0520/184827.643:ERROR:process_memory_win.cc(73)] ReadMemory at 0x7ff8c0a30000 of 64 bytes failed: Only part of a ReadProcessMemory or WriteProcessMemory request was completed. (0x12B)
[0520/184827.643:WARNING:pe_image_reader.cc(340)] could not read dos header from C:\WINDOWS\System32\ADVAPI32.dll
[0520/184827.643:ERROR:process_memory_win.cc(73)] ReadMemory at 0x7ff8bfec0000 of 64 bytes failed: Only part of a ReadProcessMemory or WriteProcessMemory request was completed. (0x12B)
[0520/184827.643:WARNING:pe_image_reader.cc(340)] could not read dos header from C:\WINDOWS\System32\sechost.dll
[0520/184827.643:ERROR:process_memory_win.cc(73)] ReadMemory at 0x7ff8c0ef0000 of 64 bytes failed: Only part of a ReadProcessMemory or WriteProcessMemory request was completed. (0x12B)
[0520/184827.643:WARNING:pe_image_reader.cc(340)] could not read dos header from C:\WINDOWS\System32\RPCRT4.dll
[0520/184827.643:ERROR:process_memory_win.cc(73)] ReadMemory at 0x7ff82e300000 of 64 bytes failed: Only part of a ReadProcessMemory or WriteProcessMemory request was completed. (0x12B)
[0520/184827.643:WARNING:pe_image_reader.cc(340)] could not read dos header from C:\Program Files (x86)\Google\Chrome\Application\83.0.4103.61\chrome.dll
[0520/184827.643:ERROR:process_memory_win.cc(73)] ReadMemory at 0x7ff8c0850000 of 64 bytes failed: Only part of a ReadProcessMemory or WriteProcessMemory request was completed. (0x12B)
[0520/184827.643:WARNING:pe_image_reader.cc(340)] could not read dos header from C:\WINDOWS\System32\WS2_32.dll
[0520/184827.643:ERROR:process_memory_win.cc(73)] ReadMemory at 0x7ff8c0750000 of 64 bytes failed: Only part of a ReadProcessMemory or WriteProcessMemory request was completed. (0x12B)
[0520/184827.643:WARNING:pe_image_reader.cc(340)] could not read dos header from C:\WINDOWS\System32\OLEAUT32.dll
[0520/184827.644:ERROR:process_memory_win.cc(73)] ReadMemory at 0x7ff8bf390000 of 64 bytes failed: Only part of a ReadProcessMemory or WriteProcessMemory request was completed. (0x12B)
[0520/184827.644:WARNING:pe_image_reader.cc(340)] could not read dos header from C:\WINDOWS\System32\msvcp_win.dll
[0520/184827.644:ERROR:process_memory_win.cc(73)] ReadMemory at 0x7ff8bea70000 of 64 bytes failed: Only part of a ReadProcessMemory or WriteProcessMemory request was completed. (0x12B)
[0520/184827.644:WARNING:pe_image_reader.cc(340)] could not read dos header from C:\WINDOWS\System32\ucrtbase.dll
[0520/184827.644:ERROR:process_memory_win.cc(73)] ReadMemory at 0x7ff8bfb80000 of 64 bytes failed: Only part of a ReadProcessMemory or WriteProcessMemory request was completed. (0x12B)
[0520/184827.644:WARNING:pe_image_reader.cc(340)] could not read dos header from C:\WINDOWS\System32\combase.dll
[0520/184827.644:ERROR:process_memory_win.cc(73)] ReadMemory at 0x7ff8bf430000 of 64 bytes failed: Only part of a ReadProcessMemory or WriteProcessMemory request was completed. (0x12B)
[0520/184827.644:WARNING:pe_image_reader.cc(340)] could not read dos header from C:\WINDOWS\System32\WINTRUST.dll
[0520/184827.644:ERROR:process_memory_win.cc(73)] ReadMemory at 0x7ff8be2d0000 of 64 bytes failed: Only part of a ReadProcessMemory or WriteProcessMemory request was completed. (0x12B)
[0520/184827.644:WARNING:pe_image_reader.cc(340)] could not read dos header from C:\WINDOWS\System32\MSASN1.dll
[0520/184827.644:ERROR:process_memory_win.cc(73)] ReadMemory at 0x7ff8be3a0000 of 64 bytes failed: Only part of a ReadProcessMemory or WriteProcessMemory request was completed. (0x12B)
[0520/184827.644:WARNING:pe_image_reader.cc(340)] could not read dos header from C:\WINDOWS\System32\CRYPT32.dll
[0520/184827.644:ERROR:process_memory_win.cc(73)] ReadMemory at 0x7ff8bd820000 of 64 bytes failed: Only part of a ReadProcessMemory or WriteProcessMemory request was completed. (0x12B)
[0520/184827.644:WARNING:pe_image_reader.cc(340)] could not read dos header from C:\WINDOWS\SYSTEM32\IPHLPAPI.DLL
[0520/184827.644:ERROR:process_memory_win.cc(73)] ReadMemory at 0x7ff8ab580000 of 64 bytes failed: Only part of a ReadProcessMemory or WriteProcessMemory request was completed. (0x12B)
[0520/184827.644:WARNING:pe_image_reader.cc(340)] could not read dos header from C:\WINDOWS\SYSTEM32\WINMM.dll
[0520/184827.644:ERROR:process_memory_win.cc(73)] ReadMemory at 0x7ff8a2180000 of 64 bytes failed: Only part of a ReadProcessMemory or WriteProcessMemory request was completed. (0x12B)
[0520/184827.644:WARNING:pe_image_reader.cc(340)] could not read dos header from C:\WINDOWS\SYSTEM32\Secur32.dll
[0520/184827.644:ERROR:process_memory_win.cc(73)] ReadMemory at 0x7ff8be1c0000 of 64 bytes failed: Only part of a ReadProcessMemory or WriteProcessMemory request was completed. (0x12B)
[0520/184827.644:WARNING:pe_image_reader.cc(340)] could not read dos header from C:\WINDOWS\SYSTEM32\USERENV.dll
[0520/184827.644:ERROR:process_memory_win.cc(73)] ReadMemory at 0x7ff8be2f0000 of 64 bytes failed: Only part of a ReadProcessMemory or WriteProcessMemory request was completed. (0x12B)
[0520/184827.644:WARNING:pe_image_reader.cc(340)] could not read dos header from C:\WINDOWS\System32\profapi.dll
[0520/184827.644:ERROR:process_memory_win.cc(73)] ReadMemory at 0x7ff890dd0000 of 64 bytes failed: Only part of a ReadProcessMemory or WriteProcessMemory request was completed. (0x12B)
[0520/184827.644:WARNING:pe_image_reader.cc(340)] could not read dos header from C:\WINDOWS\SYSTEM32\UIAutomationCore.DLL
[0520/184827.644:ERROR:process_memory_win.cc(73)] ReadMemory at 0x7ff898480000 of 64 bytes failed: Only part of a ReadProcessMemory or WriteProcessMemory request was completed. (0x12B)
[0520/184827.644:WARNING:pe_image_reader.cc(340)] could not read dos header from C:\WINDOWS\SYSTEM32\DWrite.dll
[0520/184827.644:ERROR:process_memory_win.cc(73)] ReadMemory at 0x7ff89fb30000 of 64 bytes failed: Only part of a ReadProcessMemory or WriteProcessMemory request was completed. (0x12B)
[0520/184827.644:WARNING:pe_image_reader.cc(340)] could not read dos header from C:\WINDOWS\SYSTEM32\WINSPOOL.DRV
[0520/184827.644:ERROR:process_memory_win.cc(73)] ReadMemory at 0x7ff8be2b0000 of 64 bytes failed: Only part of a ReadProcessMemory or WriteProcessMemory request was completed. (0x12B)
[0520/184827.644:WARNING:pe_image_reader.cc(340)] could not read dos header from C:\WINDOWS\System32\kernel.appcore.dll
[0520/184827.644:ERROR:process_memory_win.cc(73)] ReadMemory at 0x7ff8be370000 of 64 bytes failed: Only part of a ReadProcessMemory or WriteProcessMemory request was completed. (0x12B)
[0520/184827.644:WARNING:pe_image_reader.cc(340)] could not read dos header from C:\WINDOWS\System32\bcrypt.dll
[0520/184827.644:ERROR:process_memory_win.cc(73)] ReadMemory at 0x7ff8bcbd0000 of 64 bytes failed: Only part of a ReadProcessMemory or WriteProcessMemory request was completed. (0x12B)
[0520/184827.644:WARNING:pe_image_reader.cc(340)] could not read dos header from C:\WINDOWS\SYSTEM32\dbghelp.dll
[0520/184827.644:ERROR:process_memory_win.cc(73)] ReadMemory at 0x7ff8ba270000 of 64 bytes failed: Only part of a ReadProcessMemory or WriteProcessMemory request was completed. (0x12B)
[0520/184827.644:WARNING:pe_image_reader.cc(340)] could not read dos header from C:\WINDOWS\SYSTEM32\WINHTTP.dll
[0520/184827.645:ERROR:process_memory_win.cc(73)] ReadMemory at 0x7ff8b3890000 of 64 bytes failed: Only part of a ReadProcessMemory or WriteProcessMemory request was completed. (0x12B)
[0520/184827.645:WARNING:pe_image_reader.cc(340)] could not read dos header from C:\WINDOWS\SYSTEM32\dhcpcsvc.DLL
[0520/184827.645:ERROR:process_memory_win.cc(73)] ReadMemory at 0x7ff8c0a20000 of 64 bytes failed: Only part of a ReadProcessMemory or WriteProcessMemory request was completed. (0x12B)
[0520/184827.645:WARNING:pe_image_reader.cc(340)] could not read dos header from C:\WINDOWS\System32\NSI.dll
[0520/184827.645:ERROR:process_memory_win.cc(73)] ReadMemory at 0x7ff8ae840000 of 64 bytes failed: Only part of a ReadProcessMemory or WriteProcessMemory request was completed. (0x12B)
[0520/184827.645:WARNING:pe_image_reader.cc(340)] could not read dos header from C:\WINDOWS\SYSTEM32\WINMMBASE.dll
[0520/184827.645:ERROR:process_memory_win.cc(73)] ReadMemory at 0x7ff8bf320000 of 64 bytes failed: Only part of a ReadProcessMemory or WriteProcessMemory request was completed. (0x12B)
[0520/184827.645:WARNING:pe_image_reader.cc(340)] could not read dos header from C:\WINDOWS\System32\cfgmgr32.dll
[0520/184827.645:ERROR:process_memory_win.cc(73)] ReadMemory at 0x7ff8bbc00000 of 64 bytes failed: Only part of a ReadProcessMemory or WriteProcessMemory request was completed. (0x12B)
[0520/184827.645:WARNING:pe_image_reader.cc(340)] could not read dos header from C:\WINDOWS\SYSTEM32\PROPSYS.dll
[0520/184827.645:ERROR:process_memory_win.cc(73)] ReadMemory at 0x7ff8c0970000 of 64 bytes failed: Only part of a ReadProcessMemory or WriteProcessMemory request was completed. (0x12B)
[0520/184827.645:WARNING:pe_image_reader.cc(340)] could not read dos header from C:\WINDOWS\System32\shcore.dll
[0520/184827.645:ERROR:process_memory_win.cc(73)] ReadMemory at 0x7ff8be190000 of 64 bytes failed: Only part of a ReadProcessMemory or WriteProcessMemory request was completed. (0x12B)
[0520/184827.645:WARNING:pe_image_reader.cc(340)] could not read dos header from C:\WINDOWS\SYSTEM32\SSPICLI.DLL
[0520/184827.645:ERROR:process_memory_win.cc(73)] ReadMemory at 0x7ff8bdce0000 of 64 bytes failed: Only part of a ReadProcessMemory or WriteProcessMemory request was completed. (0x12B)
[0520/184827.645:WARNING:pe_image_reader.cc(340)] could not read dos header from C:\WINDOWS\SYSTEM32\CRYPTBASE.DLL
[0520/184827.654:ERROR:process_memory_win.cc(73)] ReadMemory at 0x15a25f7000 of 36864 bytes failed: Only part of a ReadProcessMemory or WriteProcessMemory request was completed. (0x12B)
[0520/184827.654:ERROR:process_memory_win.cc(73)] ReadMemory at 0x15a2dfd000 of 12288 bytes failed: Only part of a ReadProcessMemory or WriteProcessMemory request was completed. (0x12B)
[0520/184827.654:ERROR:process_memory_win.cc(73)] ReadMemory at 0x15a35fc000 of 16384 bytes failed: Only part of a ReadProcessMemory or WriteProcessMemory request was completed. (0x12B)
[0520/184827.654:ERROR:process_memory_win.cc(73)] ReadMemory at 0x15a3dfc000 of 16384 bytes failed: Only part of a ReadProcessMemory or WriteProcessMemory request was completed. (0x12B)
[0520/184827.654:ERROR:process_memory_win.cc(73)] ReadMemory at 0x15a45fc000 of 16384 bytes failed: Only part of a ReadProcessMemory or WriteProcessMemory request was completed. (0x12B)
[0520/184827.654:ERROR:process_memory_win.cc(73)] ReadMemory at 0x15a4dfe000 of 8192 bytes failed: Only part of a ReadProcessMemory or WriteProcessMemory request was completed. (0x12B)
[0520/184827.654:ERROR:process_memory_win.cc(73)] ReadMemory at 0x15a55fd000 of 12288 bytes failed: Only part of a ReadProcessMemory or WriteProcessMemory request was completed. (0x12B)
[0520/184827.654:ERROR:process_memory_win.cc(73)] ReadMemory at 0x15a5dfb000 of 20480 bytes failed: Only part of a ReadProcessMemory or WriteProcessMemory request was completed. (0x12B)
[0520/184827.654:ERROR:process_memory_win.cc(73)] ReadMemory at 0x15a65fd000 of 12288 bytes failed: Only part of a ReadProcessMemory or WriteProcessMemory request was completed. (0x12B)
[0520/184827.654:ERROR:process_memory_win.cc(73)] ReadMemory at 0x15a6dfd000 of 12288 bytes failed: Only part of a ReadProcessMemory or WriteProcessMemory request was completed. (0x12B)
[0520/184827.654:ERROR:process_memory_win.cc(73)] ReadMemory at 0x15a75fd000 of 12288 bytes failed: Only part of a ReadProcessMemory or WriteProcessMemory request was completed. (0x12B)
[0520/184827.655:ERROR:process_memory_win.cc(73)] ReadMemory at 0x15a7dfd000 of 12288 bytes failed: Only part of a ReadProcessMemory or WriteProcessMemory request was completed. (0x12B)
[0520/184827.655:ERROR:process_memory_win.cc(73)] ReadMemory at 0x15a85fd000 of 12288 bytes failed: Only part of a ReadProcessMemory or WriteProcessMemory request was completed. (0x12B)
[0520/184827.655:ERROR:process_memory_win.cc(73)] ReadMemory at 0x15a8dfd000 of 12288 bytes failed: Only part of a ReadProcessMemory or WriteProcessMemory request was completed. (0x12B)
[0520/184827.655:ERROR:process_memory_win.cc(73)] ReadMemory at 0x15a95fd000 of 12288 bytes failed: Only part of a ReadProcessMemory or WriteProcessMemory request was completed. (0x12B)
[0520/184827.655:ERROR:process_memory_win.cc(73)] ReadMemory at 0x15a1d8a000 of 852 bytes failed: Only part of a ReadProcessMemory or WriteProcessMemory request was completed. (0x12B)
[0520/184827.655:ERROR:process_memory_win.cc(73)] ReadMemory at 0x15a1d8b000 of 6024 bytes failed: Only part of a ReadProcessMemory or WriteProcessMemory request was completed. (0x12B)
[0520/184827.655:ERROR:process_memory_win.cc(73)] ReadMemory at 0x15a1d8d000 of 6024 bytes failed: Only part of a ReadProcessMemory or WriteProcessMemory request was completed. (0x12B)
[0520/184827.655:ERROR:process_memory_win.cc(73)] ReadMemory at 0x15a1d8f000 of 6024 bytes failed: Only part of a ReadProcessMemory or WriteProcessMemory request was completed. (0x12B)
[0520/184827.655:ERROR:process_memory_win.cc(73)] ReadMemory at 0x15a1d91000 of 6024 bytes failed: Only part of a ReadProcessMemory or WriteProcessMemory request was completed. (0x12B)
[0520/184827.655:ERROR:process_memory_win.cc(73)] ReadMemory at 0x15a1d93000 of 6024 bytes failed: Only part of a ReadProcessMemory or WriteProcessMemory request was completed. (0x12B)
[0520/184827.655:ERROR:process_memory_win.cc(73)] ReadMemory at 0x15a1d95000 of 6024 bytes failed: Only part of a ReadProcessMemory or WriteProcessMemory request was completed. (0x12B)
[0520/184827.655:ERROR:process_memory_win.cc(73)] ReadMemory at 0x15a1d97000 of 6024 bytes failed: Only part of a ReadProcessMemory or WriteProcessMemory request was completed. (0x12B)
[0520/184827.655:ERROR:process_memory_win.cc(73)] ReadMemory at 0x15a1d99000 of 6024 bytes failed: Only part of a ReadProcessMemory or WriteProcessMemory request was completed. (0x12B)
[0520/184827.655:ERROR:process_memory_win.cc(73)] ReadMemory at 0x15a1d9b000 of 6024 bytes failed: Only part of a ReadProcessMemory or WriteProcessMemory request was completed. (0x12B)
[0520/184827.655:ERROR:process_memory_win.cc(73)] ReadMemory at 0x15a1d9d000 of 6024 bytes failed: Only part of a ReadProcessMemory or WriteProcessMemory request was completed. (0x12B)
[0520/184827.655:ERROR:process_memory_win.cc(73)] ReadMemory at 0x15a1d9f000 of 6024 bytes failed: Only part of a ReadProcessMemory or WriteProcessMemory request was completed. (0x12B)
[0520/184827.655:ERROR:process_memory_win.cc(73)] ReadMemory at 0x15a1da1000 of 6024 bytes failed: Only part of a ReadProcessMemory or WriteProcessMemory request was completed. (0x12B)
[0520/184827.656:ERROR:process_memory_win.cc(73)] ReadMemory at 0x15a1da3000 of 6024 bytes failed: Only part of a ReadProcessMemory or WriteProcessMemory request was completed. (0x12B)
[0520/184827.656:ERROR:process_memory_win.cc(73)] ReadMemory at 0x15a1da5000 of 6024 bytes failed: Only part of a ReadProcessMemory or WriteProcessMemory request was completed. (0x12B)
[0520/184827.656:ERROR:process_memory_win.cc(73)] ReadMemory at 0x15a1da9000 of 6024 bytes failed: Only part of a ReadProcessMemory or WriteProcessMemory request was completed. (0x12B)
[0520/184827.656:ERROR:process_memory_win.cc(73)] ReadMemory at 0x1da138d0fe0 of 5272 bytes failed: Only part of a ReadProcessMemory or WriteProcessMemory request was completed. (0x12B)
[0520/184827.656:ERROR:process_memory_win.cc(73)] ReadMemory at 0x1da138d2480 of 1012 bytes failed: Only part of a ReadProcessMemory or WriteProcessMemory request was completed. (0x12B)
[0520/184827.656:ERROR:process_memory_win.cc(73)] ReadMemory at 0x1da138d2ac8 of 118 bytes failed: Only part of a ReadProcessMemory or WriteProcessMemory request was completed. (0x12B)
[0520/184827.656:ERROR:process_memory_win.cc(73)] ReadMemory at 0x1da138d2b40 of 762 bytes failed: Only part of a ReadProcessMemory or WriteProcessMemory request was completed. (0x12B)
[0520/184827.656:ERROR:process_memory_win.cc(73)] ReadMemory at 0x1da138d2e3c of 118 bytes failed: Only part of a ReadProcessMemory or WriteProcessMemory request was completed. (0x12B)
[0520/184827.656:ERROR:process_memory_win.cc(73)] ReadMemory at 0x1da138d2eb4 of 100 bytes failed: Only part of a ReadProcessMemory or WriteProcessMemory request was completed. (0x12B)
[0520/184827.656:ERROR:process_memory_win.cc(73)] ReadMemory at 0x1da138d2f30 of 58 bytes failed: Only part of a ReadProcessMemory or WriteProcessMemory request was completed. (0x12B)
[0520/184827.656:ERROR:process_memory_win.cc(73)] ReadMemory at 0x1da138d3030 of 132 bytes failed: Only part of a ReadProcessMemory or WriteProcessMemory request was completed. (0x12B)
[0520/184827.656:ERROR:process_memory_win.cc(73)] ReadMemory at 0x1da138d31c0 of 132 bytes failed: Only part of a ReadProcessMemory or WriteProcessMemory request was completed. (0x12B)
[0520/184827.656:ERROR:process_memory_win.cc(73)] ReadMemory at 0x1da138d3380 of 124 bytes failed: Only part of a ReadProcessMemory or WriteProcessMemory request was completed. (0x12B)
[0520/184827.656:ERROR:process_memory_win.cc(73)] ReadMemory at 0x1da138d3760 of 132 bytes failed: Only part of a ReadProcessMemory or WriteProcessMemory request was completed. (0x12B)
[0520/184827.656:ERROR:process_memory_win.cc(73)] ReadMemory at 0x1da138d38f0 of 64 bytes failed: Only part of a ReadProcessMemory or WriteProcessMemory request was completed. (0x12B)
[0520/184827.656:ERROR:process_memory_win.cc(73)] ReadMemory at 0x1da138d3a50 of 132 bytes failed: Only part of a ReadProcessMemory or WriteProcessMemory request was completed. (0x12B)
[0520/184827.656:ERROR:process_memory_win.cc(73)] ReadMemory at 0x1da138d3be0 of 62 bytes failed: Only part of a ReadProcessMemory or WriteProcessMemory request was completed. (0x12B)
[0520/184827.657:ERROR:process_memory_win.cc(73)] ReadMemory at 0x1da138d3d50 of 132 bytes failed: Only part of a ReadProcessMemory or WriteProcessMemory request was completed. (0x12B)
[0520/184827.657:ERROR:process_memory_win.cc(73)] ReadMemory at 0x1da138d3ee0 of 68 bytes failed: Only part of a ReadProcessMemory or WriteProcessMemory request was completed. (0x12B)
[0520/184827.657:ERROR:process_memory_win.cc(73)] ReadMemory at 0x1da138e0a50 of 132 bytes failed: Only part of a ReadProcessMemory or WriteProcessMemory request was completed. (0x12B)
[0520/184827.657:ERROR:process_memory_win.cc(73)] ReadMemory at 0x1da138e0b80 of 144 bytes failed: Only part of a ReadProcessMemory or WriteProcessMemory request was completed. (0x12B)
[0520/184827.657:ERROR:process_memory_win.cc(73)] ReadMemory at 0x1da138e0c60 of 132 bytes failed: Only part of a ReadProcessMemory or WriteProcessMemory request was completed. (0x12B)
[0520/184827.657:ERROR:process_memory_win.cc(73)] ReadMemory at 0x1da138e0df0 of 152 bytes failed: Only part of a ReadProcessMemory or WriteProcessMemory request was completed. (0x12B)
[0520/184827.657:ERROR:process_memory_win.cc(73)] ReadMemory at 0x1da138e14a0 of 60 bytes failed: Only part of a ReadProcessMemory or WriteProcessMemory request was completed. (0x12B)
[0520/184827.657:ERROR:process_memory_win.cc(73)] ReadMemory at 0x1da138e14f0 of 62 bytes failed: Only part of a ReadProcessMemory or WriteProcessMemory request was completed. (0x12B)
[0520/184827.657:ERROR:process_memory_win.cc(73)] ReadMemory at 0x1da138e1540 of 132 bytes failed: Only part of a ReadProcessMemory or WriteProcessMemory request was completed. (0x12B)
[0520/184827.657:ERROR:process_memory_win.cc(73)] ReadMemory at 0x1da138e16e0 of 132 bytes failed: Only part of a ReadProcessMemory or WriteProcessMemory request was completed. (0x12B)
[0520/184827.657:ERROR:process_memory_win.cc(73)] ReadMemory at 0x1da138e2600 of 64 bytes failed: Only part of a ReadProcessMemory or WriteProcessMemory request was completed. (0x12B)
[0520/184827.657:ERROR:process_memory_win.cc(73)] ReadMemory at 0x1da138e26a0 of 64 bytes failed: Only part of a ReadProcessMemory or WriteProcessMemory request was completed. (0x12B)
[0520/184827.657:ERROR:process_memory_win.cc(73)] ReadMemory at 0x1da138e2880 of 60 bytes failed: Only part of a ReadProcessMemory or WriteProcessMemory request was completed. (0x12B)
[0520/184827.657:ERROR:process_memory_win.cc(73)] ReadMemory at 0x1da138e28d0 of 66 bytes failed: Only part of a ReadProcessMemory or WriteProcessMemory request was completed. (0x12B)
[0520/184827.657:ERROR:process_memory_win.cc(73)] ReadMemory at 0x1da138e2970 of 64 bytes failed: Only part of a ReadProcessMemory or WriteProcessMemory request was completed. (0x12B)
[0520/184827.657:ERROR:process_memory_win.cc(73)] ReadMemory at 0x1da138e29c0 of 62 bytes failed: Only part of a ReadProcessMemory or WriteProcessMemory request was completed. (0x12B)
[0520/184827.658:ERROR:process_memory_win.cc(73)] ReadMemory at 0x1da138e2a10 of 64 bytes failed: Only part of a ReadProcessMemory or WriteProcessMemory request was completed. (0x12B)
[0520/184827.658:ERROR:process_memory_win.cc(73)] ReadMemory at 0x1da138e2ab0 of 60 bytes failed: Only part of a ReadProcessMemory or WriteProcessMemory request was completed. (0x12B)
[0520/184827.658:ERROR:process_memory_win.cc(73)] ReadMemory at 0x1da138e2bf0 of 62 bytes failed: Only part of a ReadProcessMemory or WriteProcessMemory request was completed. (0x12B)
[0520/184827.658:ERROR:process_memory_win.cc(73)] ReadMemory at 0x1da138e3d00 of 132 bytes failed: Only part of a ReadProcessMemory or WriteProcessMemory request was completed. (0x12B)
[0520/184827.658:ERROR:process_memory_win.cc(73)] ReadMemory at 0x1da138e3f20 of 132 bytes failed: Only part of a ReadProcessMemory or WriteProcessMemory request was completed. (0x12B)
[0520/184827.658:ERROR:process_memory_win.cc(73)] ReadMemory at 0x1da138e4280 of 132 bytes failed: Only part of a ReadProcessMemory or WriteProcessMemory request was completed. (0x12B)
[0520/184827.658:ERROR:process_memory_win.cc(73)] ReadMemory at 0x1da138e43c0 of 132 bytes failed: Only part of a ReadProcessMemory or WriteProcessMemory request was completed. (0x12B)
[0520/184827.658:ERROR:process_memory_win.cc(73)] ReadMemory at 0x1da138e4660 of 80 bytes failed: Only part of a ReadProcessMemory or WriteProcessMemory request was completed. (0x12B)
[0520/184827.658:ERROR:process_memory_win.cc(73)] ReadMemory at 0x1da138e5bf0 of 54 bytes failed: Only part of a ReadProcessMemory or WriteProcessMemory request was completed. (0x12B)
[0520/184827.658:ERROR:process_memory_win.cc(73)] ReadMemory at 0x1da138e8510 of 132 bytes failed: Only part of a ReadProcessMemory or WriteProcessMemory request was completed. (0x12B)
[0520/184827.658:ERROR:process_memory_win.cc(73)] ReadMemory at 0x1da138e86d0 of 132 bytes failed: Only part of a ReadProcessMemory or WriteProcessMemory request was completed. (0x12B)
[0520/184827.658:ERROR:process_memory_win.cc(73)] ReadMemory at 0x1da138e9a60 of 132 bytes failed: Only part of a ReadProcessMemory or WriteProcessMemory request was completed. (0x12B)
[0520/184827.658:ERROR:process_memory_win.cc(73)] ReadMemory at 0x1da138e9b90 of 132 bytes failed: Only part of a ReadProcessMemory or WriteProcessMemory request was completed. (0x12B)
[0520/184827.659:ERROR:process_memory_win.cc(73)] ReadMemory at 0x1da138e9cc0 of 132 bytes failed: Only part of a ReadProcessMemory or WriteProcessMemory request was completed. (0x12B)
[0520/184827.659:ERROR:process_memory_win.cc(73)] ReadMemory at 0x1da138e9df0 of 132 bytes failed: Only part of a ReadProcessMemory or WriteProcessMemory request was completed. (0x12B)
[0520/184827.659:ERROR:process_memory_win.cc(73)] ReadMemory at 0x1da138e9f20 of 132 bytes failed: Only part of a ReadProcessMemory or WriteProcessMemory request was completed. (0x12B)
[0520/184827.659:ERROR:process_memory_win.cc(73)] ReadMemory at 0x1da138ea050 of 132 bytes failed: Only part of a ReadProcessMemory or WriteProcessMemory request was completed. (0x12B)
[0520/184827.659:ERROR:process_memory_win.cc(73)] ReadMemory at 0x1da138ea180 of 132 bytes failed: Only part of a ReadProcessMemory or WriteProcessMemory request was completed. (0x12B)
[0520/184827.659:ERROR:process_memory_win.cc(73)] ReadMemory at 0x1da138ea2b0 of 132 bytes failed: Only part of a ReadProcessMemory or WriteProcessMemory request was completed. (0x12B)
[0520/184827.659:ERROR:process_memory_win.cc(73)] ReadMemory at 0x1da138ea3e0 of 132 bytes failed: Only part of a ReadProcessMemory or WriteProcessMemory request was completed. (0x12B)
[0520/184827.659:ERROR:process_memory_win.cc(73)] ReadMemory at 0x1da138ea510 of 132 bytes failed: Only part of a ReadProcessMemory or WriteProcessMemory request was completed. (0x12B)
[0520/184827.659:ERROR:process_memory_win.cc(73)] ReadMemory at 0x1da138ea640 of 132 bytes failed: Only part of a ReadProcessMemory or WriteProcessMemory request was completed. (0x12B)
[0520/184827.659:ERROR:process_memory_win.cc(73)] ReadMemory at 0x1da138ea770 of 132 bytes failed: Only part of a ReadProcessMemory or WriteProcessMemory request was completed. (0x12B)
[0520/184827.659:ERROR:process_memory_win.cc(73)] ReadMemory at 0x1da138ebe00 of 132 bytes failed: Only part of a ReadProcessMemory or WriteProcessMemory request was completed. (0x12B)
[0520/184827.659:ERROR:process_memory_win.cc(73)] ReadMemory at 0x1da138eddf0 of 132 bytes failed: Only part of a ReadProcessMemory or WriteProcessMemory request was completed. (0x12B)
[0520/184827.659:ERROR:process_memory_win.cc(73)] ReadMemory at 0x1da138ee330 of 80 bytes failed: Only part of a ReadProcessMemory or WriteProcessMemory request was completed. (0x12B)
[0520/184827.659:ERROR:process_memory_win.cc(73)] ReadMemory at 0x1da138ee8d0 of 76 bytes failed: Only part of a ReadProcessMemory or WriteProcessMemory request was completed. (0x12B)
[0520/184827.659:ERROR:process_memory_win.cc(73)] ReadMemory at 0x1da138eefd0 of 62 bytes failed: Only part of a ReadProcessMemory or WriteProcessMemory request was completed. (0x12B)
[0520/184827.659:ERROR:process_memory_win.cc(73)] ReadMemory at 0x1da138ef020 of 62 bytes failed: Only part of a ReadProcessMemory or WriteProcessMemory request was completed. (0x12B)
[0520/184827.659:ERROR:process_memory_win.cc(73)] ReadMemory at 0x1da138ef070 of 60 bytes failed: Only part of a ReadProcessMemory or WriteProcessMemory request was completed. (0x12B)
[0520/184827.660:ERROR:process_memory_win.cc(73)] ReadMemory at 0x1da138ef0c0 of 62 bytes failed: Only part of a ReadProcessMemory or WriteProcessMemory request was completed. (0x12B)
[0520/184827.660:ERROR:process_memory_win.cc(73)] ReadMemory at 0x1da138ef1b0 of 60 bytes failed: Only part of a ReadProcessMemory or WriteProcessMemory request was completed. (0x12B)
[0520/184827.660:ERROR:process_memory_win.cc(73)] ReadMemory at 0x1da138ef250 of 62 bytes failed: Only part of a ReadProcessMemory or WriteProcessMemory request was completed. (0x12B)
[0520/184827.660:ERROR:process_memory_win.cc(73)] ReadMemory at 0x1da138ef2a0 of 62 bytes failed: Only part of a ReadProcessMemory or WriteProcessMemory request was completed. (0x12B)
[0520/184827.660:ERROR:process_memory_win.cc(73)] ReadMemory at 0x1da138ef700 of 66 bytes failed: Only part of a ReadProcessMemory or WriteProcessMemory request was completed. (0x12B)
[0520/184827.660:ERROR:process_memory_win.cc(73)] ReadMemory at 0x1da138ef7a0 of 64 bytes failed: Only part of a ReadProcessMemory or WriteProcessMemory request was completed. (0x12B)
[0520/184827.660:ERROR:process_memory_win.cc(73)] ReadMemory at 0x1da138ef840 of 64 bytes failed: Only part of a ReadProcessMemory or WriteProcessMemory request was completed. (0x12B)
[0520/184827.660:ERROR:process_memory_win.cc(73)] ReadMemory at 0x1da138ef890 of 60 bytes failed: Only part of a ReadProcessMemory or WriteProcessMemory request was completed. (0x12B)
[0520/184827.660:ERROR:process_memory_win.cc(73)] ReadMemory at 0x1da138efa70 of 64 bytes failed: Only part of a ReadProcessMemory or WriteProcessMemory request was completed. (0x12B)
[0520/184827.660:ERROR:process_memory_win.cc(73)] ReadMemory at 0x1da138efac0 of 58 bytes failed: Only part of a ReadProcessMemory or WriteProcessMemory request was completed. (0x12B)
[0520/184827.660:ERROR:process_memory_win.cc(73)] ReadMemory at 0x1da138efb10 of 60 bytes failed: Only part of a ReadProcessMemory or WriteProcessMemory request was completed. (0x12B)
[0520/184827.660:ERROR:process_memory_win.cc(73)] ReadMemory at 0x1da138efc00 of 62 bytes failed: Only part of a ReadProcessMemory or WriteProcessMemory request was completed. (0x12B)
[0520/184827.660:ERROR:process_memory_win.cc(73)] ReadMemory at 0x1da138efd40 of 62 bytes failed: Only part of a ReadProcessMemory or WriteProcessMemory request was completed. (0x12B)
[0520/184827.660:ERROR:process_memory_win.cc(73)] ReadMemory at 0x1da138efde0 of 64 bytes failed: Only part of a ReadProcessMemory or WriteProcessMemory request was completed. (0x12B)
[0520/184827.660:ERROR:process_memory_win.cc(73)] ReadMemory at 0x1da138efe30 of 62 bytes failed: Only part of a ReadProcessMemory or WriteProcessMemory request was completed. (0x12B)
[0520/184827.660:ERROR:process_memory_win.cc(73)] ReadMemory at 0x1da138f0450 of 132 bytes failed: Only part of a ReadProcessMemory or WriteProcessMemory request was completed. (0x12B)
[0520/184827.661:ERROR:process_memory_win.cc(73)] ReadMemory at 0x1da138f0a40 of 132 bytes failed: Only part of a ReadProcessMemory or WriteProcessMemory request was completed. (0x12B)
[0520/184827.661:ERROR:process_memory_win.cc(73)] ReadMemory at 0x1da138f0b70 of 132 bytes failed: Only part of a ReadProcessMemory or WriteProcessMemory request was completed. (0x12B)
[0520/184827.661:ERROR:process_memory_win.cc(73)] ReadMemory at 0x1da138f0ca0 of 132 bytes failed: Only part of a ReadProcessMemory or WriteProcessMemory request was completed. (0x12B)
[0520/184827.661:ERROR:process_memory_win.cc(73)] ReadMemory at 0x1da138f0dd0 of 132 bytes failed: Only part of a ReadProcessMemory or WriteProcessMemory request was completed. (0x12B)
[0520/184827.661:ERROR:process_memory_win.cc(73)] ReadMemory at 0x1da138f1030 of 132 bytes failed: Only part of a ReadProcessMemory or WriteProcessMemory request was completed. (0x12B)
[0520/184827.661:ERROR:process_memory_win.cc(73)] ReadMemory at 0x1da138f1160 of 132 bytes failed: Only part of a ReadProcessMemory or WriteProcessMemory request was completed. (0x12B)
[0520/184827.661:ERROR:process_memory_win.cc(73)] ReadMemory at 0x1da138f1290 of 132 bytes failed: Only part of a ReadProcessMemory or WriteProcessMemory request was completed. (0x12B)
[0520/184827.661:ERROR:process_memory_win.cc(73)] ReadMemory at 0x1da138f1750 of 132 bytes failed: Only part of a ReadProcessMemory or WriteProcessMemory request was completed. (0x12B)
[0520/184827.661:ERROR:process_memory_win.cc(73)] ReadMemory at 0x1da138f1880 of 132 bytes failed: Only part of a ReadProcessMemory or WriteProcessMemory request was completed. (0x12B)
[0520/184827.661:ERROR:process_memory_win.cc(73)] ReadMemory at 0x1da138f1c10 of 132 bytes failed: Only part of a ReadProcessMemory or WriteProcessMemory request was completed. (0x12B)
[0520/184827.661:ERROR:process_memory_win.cc(73)] ReadMemory at 0x1da139075d0 of 512 bytes failed: Only part of a ReadProcessMemory or WriteProcessMemory request was completed. (0x12B)
[0520/184827.661:ERROR:process_memory_win.cc(73)] ReadMemory at 0x1da13908680 of 512 bytes failed: Only part of a ReadProcessMemory or WriteProcessMemory request was completed. (0x12B)
[0520/184827.661:ERROR:process_memory_win.cc(73)] ReadMemory at 0x1da13a90e80 of 896 bytes failed: Only part of a ReadProcessMemory or WriteProcessMemory request was completed. (0x12B)
[0520/184827.661:ERROR:process_memory_win.cc(73)] ReadMemory at 0x1da13ecc390 of 512 bytes failed: Only part of a ReadProcessMemory or WriteProcessMemory request was completed. (0x12B)
[0520/184827.662:ERROR:process_memory_win.cc(73)] ReadMemory at 0x1da13ed1cd0 of 512 bytes failed: Only part of a ReadProcessMemory or WriteProcessMemory request was completed. (0x12B)
[0520/184827.662:ERROR:process_memory_win.cc(73)] ReadMemory at 0x1da13eec7c0 of 512 bytes failed: Only part of a ReadProcessMemory or WriteProcessMemory request was completed. (0x12B)
[0520/184827.662:ERROR:process_memory_win.cc(73)] ReadMemory at 0x1da13ef9f50 of 512 bytes failed: Only part of a ReadProcessMemory or WriteProcessMemory request was completed. (0x12B)
[0520/184827.662:ERROR:process_memory_win.cc(73)] ReadMemory at 0x1da13f0e940 of 712 bytes failed: Only part of a ReadProcessMemory or WriteProcessMemory request was completed. (0x12B)
[0520/184827.662:ERROR:process_memory_win.cc(73)] ReadMemory at 0x1da13f52c88 of 512 bytes failed: Only part of a ReadProcessMemory or WriteProcessMemory request was completed. (0x12B)
[0520/184827.662:ERROR:process_memory_win.cc(73)] ReadMemory at 0x1da13f5e090 of 512 bytes failed: Only part of a ReadProcessMemory or WriteProcessMemory request was completed. (0x12B)
[0520/184827.662:ERROR:process_memory_win.cc(73)] ReadMemory at 0x1da15716ee0 of 512 bytes failed: Only part of a ReadProcessMemory or WriteProcessMemory request was completed. (0x12B)
[0520/184827.662:ERROR:process_memory_win.cc(73)] ReadMemory at 0x690ed1288b28 of 512 bytes failed: Only part of a ReadProcessMemory or WriteProcessMemory request was completed. (0x12B)
[0520/184827.662:ERROR:process_memory_win.cc(73)] ReadMemory at 0x7ff82e30796b of 512 bytes failed: Only part of a ReadProcessMemory or WriteProcessMemory request was completed. (0x12B)
[0520/184827.662:ERROR:process_memory_win.cc(73)] ReadMemory at 0x7ff82e8e7684 of 512 bytes failed: Only part of a ReadProcessMemory or WriteProcessMemory request was completed. (0x12B)
[0520/184827.662:ERROR:process_memory_win.cc(73)] ReadMemory at 0x7ff830a8806c of 512 bytes failed: Only part of a ReadProcessMemory or WriteProcessMemory request was completed. (0x12B)
[0520/184827.662:ERROR:process_memory_win.cc(73)] ReadMemory at 0x7ff8319b5b61 of 512 bytes failed: Only part of a ReadProcessMemory or WriteProcessMemory request was completed. (0x12B)
[0520/184827.662:ERROR:process_memory_win.cc(73)] ReadMemory at 0x7ff835c09568 of 512 bytes failed: Only part of a ReadProcessMemory or WriteProcessMemory request was completed. (0x12B)
[0520/184827.662:ERROR:process_memory_win.cc(73)] ReadMemory at 0x7ff8be75c6e0 of 512 bytes failed: Only part of a ReadProcessMemory or WriteProcessMemory request was completed. (0x12B)
[0520/184827.663:ERROR:process_memory_win.cc(73)] ReadMemory at 0x7ff8c147c074 of 672 bytes failed: Only part of a ReadProcessMemory or WriteProcessMemory request was completed. (0x12B)
[0520/184827.663:ERROR:process_memory_win.cc(73)] ReadMemory at 0x7ff8c147c674 of 512 bytes failed: Only part of a ReadProcessMemory or WriteProcessMemory request was completed. (0x12B)
[0520/184827.663:ERROR:process_memory_win.cc(73)] ReadMemory at 0x7ff8c147f924 of 608 bytes failed: Only part of a ReadProcessMemory or WriteProcessMemory request was completed. (0x12B)
[0520/184827.663:ERROR:process_memory_win.cc(73)] ReadMemory at 0x7ff8c150c428 of 18 bytes failed: Only part of a ReadProcessMemory or WriteProcessMemory request was completed. (0x12B)
[0520/184827.663:ERROR:process_memory_win.cc(73)] ReadMemory at 0x7ff8c153f4f8 of 40 bytes failed: Only part of a ReadProcessMemory or WriteProcessMemory request was completed. (0x12B)
[0520/184827.663:ERROR:process_memory_win.cc(73)] ReadMemory at 0x7ff8c153f978 of 48 bytes failed: Only part of a ReadProcessMemory or WriteProcessMemory request was completed. (0x12B)
[0520/184827.663:ERROR:process_memory_win.cc(73)] ReadMemory at 0x7ff8c15453c0 of 64 bytes failed: Only part of a ReadProcessMemory or WriteProcessMemory request was completed. (0x12B)
[0520/184827.665:ERROR:scoped_process_suspend.cc(40)] NtResumeProcess: An attempt was made to access an exiting process. (0xc000010a)
